0 info it worked if it ends with ok
1 verbose cli [ '/usr/bin/node',
1 verbose cli   '/usr/bin/npm',
1 verbose cli   'stop',
1 verbose cli   '-f',
1 verbose cli   '/home/alcanzar1/.forever/kMH9.log' ]
2 info using npm@1.4.28
3 info using node@v0.10.37
4 verbose node symlink /usr/bin/node
5 warn using --force I sure hope you know what you are doing.
6 error Error: ENOTDIR, open '/home/alcanzar1/.forever/kMH9.log/package.json'
7 error If you need help, you may report this *entire* log,
7 error including the npm and node versions, at:
7 error     <http://github.com/npm/npm/issues>
8 error System Linux 3.11.0-26-generic
9 error command "/usr/bin/node" "/usr/bin/npm" "stop" "-f" "/home/alcanzar1/.forever/kMH9.log"
10 error cwd /var/www/html/olympus/master
11 error node -v v0.10.37
12 error npm -v 1.4.28
13 error path /home/alcanzar1/.forever/kMH9.log/package.json
14 error code ENOTDIR
15 error errno 27
16 verbose exit [ 27, true ]
